#
# There is insufficient memory for the Java Runtime Environment to continue.
# Native memory allocation (malloc) failed to allocate 1048576 bytes for AllocateHeap
# Possible reasons:
#   The system is out of physical RAM or swap space
#   In 32 bit mode, the process size limit was hit
# Possible solutions:
#   Reduce memory load on the system
#   Increase physical memory or swap space
#   Check if swap backing store is full
#   Use 64 bit Java on a 64 bit OS
#   Decrease Java heap size (-Xmx/-Xms)
#   Decrease number of Java threads
#   Decrease Java thread stack sizes (-Xss)
#   Set larger code cache with -XX:ReservedCodeCacheSize=
# This output file may be truncated or incomplete.
#
#  Out of Memory Error (memory/allocation.inline.hpp:61), pid=7160, tid=4332
#
# JRE version:  (8.0_40-b26) (build )
# Java VM: Java HotSpot(TM) 64-Bit Server VM (25.40-b25 mixed mode windows-amd64 compressed oops)
# Failed to write core dump. Minidumps are not enabled by default on client versions of Windows
#

---------------  T H R E A D  ---------------

Current thread (0x0000000002410800):  JavaThread "Unknown thread" [_thread_in_vm, id=4332, stack(0x0000000002270000,0x0000000002370000)]

Stack: [0x0000000002270000,0x0000000002370000]
Native frames: (J=compiled Java code, j=interpreted, Vv=VM code, C=native code)
V  [jvm.dll+0x32b47a]
V  [jvm.dll+0x2797f3]
V  [jvm.dll+0x27a489]
V  [jvm.dll+0x2717a5]
V  [jvm.dll+0x1606]
V  [jvm.dll+0x3f7cf2]
V  [jvm.dll+0x3f868f]
V  [jvm.dll+0x3f875d]
V  [jvm.dll+0x3f8926]
V  [jvm.dll+0xf2c12]
V  [jvm.dll+0x20f139]
V  [jvm.dll+0x240d9a]
V  [jvm.dll+0x15b941]
C  [java.exe+0x216e]
C  [java.exe+0xcce7]
C  [java.exe+0xcd7b]
C  [KERNEL32.DLL+0x168d]
C  [ntdll.dll+0x74629]


---------------  P R O C E S S  ---------------

Java Threads: ( => current thread )

Other Threads:

=>0x0000000002410800 (exited) JavaThread "Unknown thread" [_thread_in_vm, id=4332, stack(0x0000000002270000,0x0000000002370000)]

VM state:not at safepoint (normal execution)

VM Mutex/Monitor currently owned by a thread: None

Heap:
 PSYoungGen      total 38400K, used 665K [0x00000000eab00000, 0x00000000ed580000, 0x0000000100000000)
  eden space 33280K, 2% used [0x00000000eab00000,0x00000000eaba6670,0x00000000ecb80000)
  from space 5120K, 0% used [0x00000000ed080000,0x00000000ed080000,0x00000000ed580000)
  to   space 5120K, 0% used [0x00000000ecb80000,0x00000000ecb80000,0x00000000ed080000)
 ParOldGen       total 87552K, used 0K [0x00000000c0000000, 0x00000000c5580000, 0x00000000eab00000)
  object space 87552K, 0% used [0x00000000c0000000,0x00000000c0000000,0x00000000c5580000)
 Metaspace       used 766K, capacity 4480K, committed 4480K, reserved 1056768K
  class space    used 75K, capacity 384K, committed 384K, reserved 1048576K

Card table byte_map: [0x00000000118d0000,0x0000000011ae0000] byte_map_base: 0x00000000112d0000

Marking Bits: (ParMarkBitMap*) 0x0000000067074040
 Begin Bits: [0x0000000012040000, 0x0000000013040000)
 End Bits:   [0x0000000013040000, 0x0000000014040000)

Polling page: 0x00000000021b0000

CodeCache: size=245760Kb used=328Kb max_used=328Kb free=245431Kb
 bounds [0x0000000002510000, 0x0000000002780000, 0x0000000011510000]
 total_blobs=57 nmethods=0 adapters=37
 compilation: enabled

Compilation events (0 events):
No events

GC Heap History (0 events):
No events

Deoptimization events (0 events):
No events

Internal exceptions (0 events):
No events

Events (10 events):
Event: 0.123 loading class java/lang/Short
Event: 0.123 loading class java/lang/Short done
Event: 0.123 loading class java/lang/Integer
Event: 0.124 loading class java/lang/Integer done
Event: 0.124 loading class java/lang/Long
Event: 0.124 loading class java/lang/Long done
Event: 0.124 loading class java/lang/NullPointerException
Event: 0.124 loading class java/lang/NullPointerException done
Event: 0.124 loading class java/lang/ArithmeticException
Event: 0.124 loading class java/lang/ArithmeticException done


Dynamic libraries:
0x00007ff76b0b0000 - 0x00007ff76b0e7000 	C:\Program Files\Java\jdk1.8.0_40\bin\java.exe
0x00007ff8d6070000 - 0x00007ff8d621a000 	C:\Windows\SYSTEM32\ntdll.dll
0x00007ff8d5610000 - 0x00007ff8d574a000 	C:\Windows\system32\KERNEL32.DLL
0x00007ff8d3500000 - 0x00007ff8d3610000 	C:\Windows\system32\KERNELBASE.dll
0x00007ff8d2000000 - 0x00007ff8d2088000 	C:\Windows\system32\apphelp.dll
0x00007ff8c31c0000 - 0x00007ff8c320f000 	C:\Windows\AppPatch\AppPatch64\AcGenral.DLL
0x00007ff8d53e0000 - 0x00007ff8d5487000 	C:\Windows\system32\msvcrt.dll
0x00007ff8d3290000 - 0x00007ff8d32bb000 	C:\Windows\SYSTEM32\SspiCli.dll
0x00007ff8d5380000 - 0x00007ff8d53d1000 	C:\Windows\system32\SHLWAPI.dll
0x00007ff8d5490000 - 0x00007ff8d5601000 	C:\Windows\system32\USER32.dll
0x00007ff8d5980000 - 0x00007ff8d5af8000 	C:\Windows\system32\ole32.dll
0x00007ff8d3d80000 - 0x00007ff8d5197000 	C:\Windows\system32\SHELL32.dll
0x00007ff8d29f0000 - 0x00007ff8d2a0f000 	C:\Windows\SYSTEM32\USERENV.dll
0x00007ff8d5200000 - 0x00007ff8d52a5000 	C:\Windows\system32\ADVAPI32.dll
0x00007ff8c27e0000 - 0x00007ff8c27fb000 	C:\Windows\SYSTEM32\MPR.dll
0x00007ff8d5d50000 - 0x00007ff8d5e86000 	C:\Windows\system32\RPCRT4.dll
0x00007ff8d38f0000 - 0x00007ff8d3947000 	C:\Windows\SYSTEM32\sechost.dll
0x00007ff8d5e90000 - 0x00007ff8d6066000 	C:\Windows\SYSTEM32\combase.dll
0x00007ff8d5b00000 - 0x00007ff8d5c45000 	C:\Windows\system32\GDI32.dll
0x00007ff8d33e0000 - 0x00007ff8d33f4000 	C:\Windows\SYSTEM32\profapi.dll
0x00007ff8d1a80000 - 0x00007ff8d1b1f000 	C:\Windows\SYSTEM32\SHCORE.dll
0x00007ff8d3b50000 - 0x00007ff8d3b84000 	C:\Windows\system32\IMM32.DLL
0x00007ff8d5840000 - 0x00007ff8d5979000 	C:\Windows\system32\MSCTF.dll
0x00007ff8d1230000 - 0x00007ff8d148a000 	C:\Windows\WinSxS\amd64_microsoft.windows.common-controls_6595b64144ccf1df_6.0.9600.17031_none_6242a4b3ecbb55a1\COMCTL32.dll
0x0000000066120000 - 0x00000000661f2000 	C:\Program Files\Java\jdk1.8.0_40\jre\bin\msvcr100.dll
0x0000000066870000 - 0x00000000670f3000 	C:\Program Files\Java\jdk1.8.0_40\jre\bin\server\jvm.dll
0x00007ff8cbbe0000 - 0x00007ff8cbbe9000 	C:\Windows\SYSTEM32\WSOCK32.dll
0x00007ff8d0e00000 - 0x00007ff8d0e1f000 	C:\Windows\SYSTEM32\WINMM.dll
0x00007ff8d0e20000 - 0x00007ff8d0e2a000 	C:\Windows\SYSTEM32\VERSION.dll
0x00007ff8d3b90000 - 0x00007ff8d3b97000 	C:\Windows\system32\PSAPI.DLL
0x00007ff8d5cf0000 - 0x00007ff8d5d48000 	C:\Windows\system32\WS2_32.dll
0x00007ff8d0d40000 - 0x00007ff8d0d6a000 	C:\Windows\SYSTEM32\WINMMBASE.dll
0x00007ff8d5830000 - 0x00007ff8d5839000 	C:\Windows\system32\NSI.dll
0x00007ff8d36c0000 - 0x00007ff8d370a000 	C:\Windows\SYSTEM32\cfgmgr32.dll
0x00007ff8d2270000 - 0x00007ff8d2296000 	C:\Windows\SYSTEM32\DEVOBJ.dll
0x0000000066860000 - 0x000000006686f000 	C:\Program Files\Java\jdk1.8.0_40\jre\bin\verify.dll
0x0000000066830000 - 0x0000000066859000 	C:\Program Files\Java\jdk1.8.0_40\jre\bin\java.dll
0x0000000066810000 - 0x0000000066826000 	C:\Program Files\Java\jdk1.8.0_40\jre\bin\zip.dll
0x00007ff8bd480000 - 0x00007ff8bd608000 	C:\Windows\SYSTEM32\dbghelp.dll

VM Arguments:
jvm_args: -Djava.awt.headless=true -Xmx1024M -Dfile.encoding=windows-1252 -Duser.country=US -Duser.language=en -Duser.variant 
java_command: com.android.dx.command.Main --dex --force-jumbo --num-threads=4 --multi-dex --output D:\AndroidStudioProjects\Newsim\app\build\intermediates\transforms\dex\debug\folders\1000\5\slice_7 D:\AndroidStudioProjects\Newsim\app\build\intermediates\transforms\instantRunSlicer\debug\folders\1\5\slice_7
java_class_path (initial): C:\Users\Chiki\AppData\Local\Android\sdk\build-tools\23.0.3\lib\dx.jar
Launcher Type: SUN_STANDARD

Environment Variables:
PATH=C:\ProgramData\Oracle\Java\javapath;C:\Program Files (x86)\NVIDIA Corporation\PhysX\Common;C:\Windows\system32;C:\Windows;C:\Windows\System32\Wbem;C:\Windows\System32\WindowsPowerShell\v1.0\
USERNAME=Chiki
OS=Windows_NT
PROCESSOR_IDENTIFIER=Intel64 Family 6 Model 94 Stepping 3, GenuineIntel



---------------  S Y S T E M  ---------------

OS: Windows 8.1 , 64 bit Build 9600 (6.3.9600.17031)

CPU:total 4 (4 cores per cpu, 1 threads per core) family 6 model 94 stepping 3, cmov, cx8, fxsr, mmx, sse, sse2, sse3, ssse3, sse4.1, sse4.2, popcnt, avx, avx2, aes, clmul, erms, rtm, 3dnowpref, lzcnt, tsc, tscinvbit, bmi1, bmi2, adx

Memory: 4k page, physical 8313504k(2428808k free), swap 8313504k(6184k free)

vm_info: Java HotSpot(TM) 64-Bit Server VM (25.40-b25) for windows-amd64 JRE (1.8.0_40-b26), built on Mar  7 2015 13:51:59 by "java_re" with MS VC++ 10.0 (VS2010)

time: Fri Jul 01 10:05:48 2016
elapsed time: 0 seconds (0d 0h 0m 0s)

