#
# There is insufficient memory for the Java Runtime Environment to continue.
# Native memory allocation (malloc) failed to allocate 1276592 bytes for Chunk::new
# Possible reasons:
#   The system is out of physical RAM or swap space
#   In 32 bit mode, the process size limit was hit
# Possible solutions:
#   Reduce memory load on the system
#   Increase physical memory or swap space
#   Check if swap backing store is full
#   Use 64 bit Java on a 64 bit OS
#   Decrease Java heap size (-Xmx/-Xms)
#   Decrease number of Java threads
#   Decrease Java thread stack sizes (-Xss)
#   Set larger code cache with -XX:ReservedCodeCacheSize=
# This output file may be truncated or incomplete.
#
#  Out of Memory Error (allocation.cpp:390), pid=3104, tid=6632
#
# JRE version: Java(TM) SE Runtime Environment (8.0_40-b26) (build 1.8.0_40-b26)
# Java VM: Java HotSpot(TM) 64-Bit Server VM (25.40-b25 mixed mode windows-amd64 compressed oops)
# Failed to write core dump. Minidumps are not enabled by default on client versions of Windows
#

---------------  T H R E A D  ---------------

Current thread (0x0000000014ddc800):  JavaThread "C2 CompilerThread0" daemon [_thread_in_native, id=6632, stack(0x0000000016340000,0x0000000016440000)]

Stack: [0x0000000016340000,0x0000000016440000]
Native frames: (J=compiled Java code, j=interpreted, Vv=VM code, C=native code)
V  [jvm.dll+0x32b47a]
V  [jvm.dll+0x2797f3]
V  [jvm.dll+0x27a489]
V  [jvm.dll+0x2717a5]
V  [jvm.dll+0xcb9a2]
V  [jvm.dll+0xcbe6c]
V  [jvm.dll+0x4929a7]
V  [jvm.dll+0x45f94a]
V  [jvm.dll+0x46a73b]
V  [jvm.dll+0x46cd52]
V  [jvm.dll+0x4500d2]
V  [jvm.dll+0xa4312]
V  [jvm.dll+0xa4c4f]
V  [jvm.dll+0x241914]
V  [jvm.dll+0x29848a]
C  [msvcr100.dll+0x21d9f]
C  [msvcr100.dll+0x21e3b]
C  [KERNEL32.DLL+0x168d]
C  [ntdll.dll+0x74629]


Current CompileTask:
C2:   4076 1825   !   4       com.android.dx.cf.code.RopperMachine::run (1550 bytes)


---------------  P R O C E S S  ---------------

Java Threads: ( => current thread )
  0x00000000168a0800 JavaThread "pool-2-thread-4" [_thread_in_Java, id=2540, stack(0x0000000017040000,0x0000000017140000)]
  0x000000001689f000 JavaThread "pool-2-thread-3" [_thread_in_Java, id=4228, stack(0x0000000016f40000,0x0000000017040000)]
  0x000000001689d000 JavaThread "pool-2-thread-2" [_thread_in_Java, id=1544, stack(0x0000000016e40000,0x0000000016f40000)]
  0x0000000016899000 JavaThread "pool-3-thread-1" [_thread_blocked, id=4000, stack(0x0000000016d40000,0x0000000016e40000)]
  0x0000000016890000 JavaThread "pool-2-thread-1" [_thread_in_Java, id=6104, stack(0x0000000016c40000,0x0000000016d40000)]
  0x000000001665e000 JavaThread "Service Thread" daemon [_thread_blocked, id=6812, stack(0x0000000016a40000,0x0000000016b40000)]
  0x0000000014e3b000 JavaThread "C1 CompilerThread2" daemon [_thread_blocked, id=856, stack(0x0000000016540000,0x0000000016640000)]
  0x0000000014de0800 JavaThread "C2 CompilerThread1" daemon [_thread_in_native, id=6484, stack(0x0000000016440000,0x0000000016540000)]
=>0x0000000014ddc800 JavaThread "C2 CompilerThread0" daemon [_thread_in_native, id=6632, stack(0x0000000016340000,0x0000000016440000)]
  0x0000000014dd9800 JavaThread "Attach Listener" daemon [_thread_blocked, id=5528, stack(0x0000000016240000,0x0000000016340000)]
  0x0000000014dd8800 JavaThread "Signal Dispatcher" daemon [_thread_blocked, id=4440, stack(0x0000000016140000,0x0000000016240000)]
  0x0000000002700000 JavaThread "Finalizer" daemon [_thread_blocked, id=4508, stack(0x0000000016040000,0x0000000016140000)]
  0x00000000026fd000 JavaThread "Reference Handler" daemon [_thread_blocked, id=2772, stack(0x0000000015f40000,0x0000000016040000)]
  0x0000000002610800 JavaThread "main" [_thread_blocked, id=1300, stack(0x00000000024c0000,0x00000000025c0000)]

Other Threads:
  0x0000000014da8000 VMThread [stack: 0x0000000015e40000,0x0000000015f40000] [id=3932]
  0x000000001665f000 WatcherThread [stack: 0x0000000016b40000,0x0000000016c40000] [id=2948]

VM state:not at safepoint (normal execution)

VM Mutex/Monitor currently owned by a thread: None

Heap:
 PSYoungGen      total 71680K, used 63162K [0x00000000eab00000, 0x00000000f3700000, 0x0000000100000000)
  eden space 66560K, 87% used [0x00000000eab00000,0x00000000ee3b4088,0x00000000eec00000)
  from space 5120K, 99% used [0x00000000eec00000,0x00000000ef0faa78,0x00000000ef100000)
  to   space 5120K, 0% used [0x00000000f3200000,0x00000000f3200000,0x00000000f3700000)
 ParOldGen       total 87552K, used 15274K [0x00000000c0000000, 0x00000000c5580000, 0x00000000eab00000)
  object space 87552K, 17% used [0x00000000c0000000,0x00000000c0eeabe8,0x00000000c5580000)
 Metaspace       used 6300K, capacity 7192K, committed 7424K, reserved 1056768K
  class space    used 614K, capacity 656K, committed 768K, reserved 1048576K

Card table byte_map: [0x0000000011ad0000,0x0000000011ce0000] byte_map_base: 0x00000000114d0000

Marking Bits: (ParMarkBitMap*) 0x0000000067074040
 Begin Bits: [0x0000000012240000, 0x0000000013240000)
 End Bits:   [0x0000000013240000, 0x0000000014240000)

Polling page: 0x0000000000b60000

CodeCache: size=245760Kb used=8267Kb max_used=8310Kb free=237492Kb
 bounds [0x0000000002710000, 0x0000000002f40000, 0x0000000011710000]
 total_blobs=2054 nmethods=1785 adapters=182
 compilation: enabled

Compilation events (10 events):
Event: 3.659 Thread 0x0000000014e3b000 1850       2       java.util.concurrent.AbstractExecutorService::submit (25 bytes)
Event: 3.659 Thread 0x0000000014e3b000 nmethod 1850 0x0000000002f11a90 code [0x0000000002f11c20, 0x0000000002f11f88]
Event: 3.659 Thread 0x0000000014e3b000 1852       2       java.util.concurrent.AbstractExecutorService::newTaskFor (9 bytes)
Event: 3.660 Thread 0x0000000014e3b000 nmethod 1852 0x0000000002f12150 code [0x0000000002f122c0, 0x0000000002f12548]
Event: 3.660 Thread 0x0000000014e3b000 1851       2       com.android.dx.cf.direct.DirectClassFile::getFields (9 bytes)
Event: 3.660 Thread 0x0000000014e3b000 nmethod 1851 0x0000000002f12650 code [0x0000000002f127c0, 0x0000000002f12948]
Event: 3.660 Thread 0x0000000014e3b000 1853       1       com.android.dx.cf.attrib.AttInnerClasses::getInnerClasses (5 bytes)
Event: 3.660 Thread 0x0000000014e3b000 nmethod 1853 0x0000000002f12a10 code [0x0000000002f12b60, 0x0000000002f12c70]
Event: 3.831 Thread 0x0000000014ddc800 nmethod 1814 0x0000000002f1d990 code [0x0000000002f1f320, 0x0000000002f28040]
Event: 3.832 Thread 0x0000000014ddc800 1825   !   4       com.android.dx.cf.code.RopperMachine::run (1550 bytes)

GC Heap History (6 events):
Event: 0.840 GC heap before
{Heap before GC invocations=1 (full 0):
 PSYoungGen      total 38400K, used 33280K [0x00000000eab00000, 0x00000000ed580000, 0x0000000100000000)
  eden space 33280K, 100% used [0x00000000eab00000,0x00000000ecb80000,0x00000000ecb80000)
  from space 5120K, 0% used [0x00000000ed080000,0x00000000ed080000,0x00000000ed580000)
  to   space 5120K, 0% used [0x00000000ecb80000,0x00000000ecb80000,0x00000000ed080000)
 ParOldGen       total 87552K, used 0K [0x00000000c0000000, 0x00000000c5580000, 0x00000000eab00000)
  object space 87552K, 0% used [0x00000000c0000000,0x00000000c0000000,0x00000000c5580000)
 Metaspace       used 5909K, capacity 6896K, committed 7040K, reserved 1056768K
  class space    used 588K, capacity 616K, committed 640K, reserved 1048576K
Event: 0.853 GC heap after
Heap after GC invocations=1 (full 0):
 PSYoungGen      total 38400K, used 5112K [0x00000000eab00000, 0x00000000ef600000, 0x0000000100000000)
  eden space 33280K, 0% used [0x00000000eab00000,0x00000000eab00000,0x00000000ecb80000)
  from space 5120K, 99% used [0x00000000ecb80000,0x00000000ed07e0e8,0x00000000ed080000)
  to   space 5120K, 0% used [0x00000000ef100000,0x00000000ef100000,0x00000000ef600000)
 ParOldGen       total 87552K, used 1067K [0x00000000c0000000, 0x00000000c5580000, 0x00000000eab00000)
  object space 87552K, 1% used [0x00000000c0000000,0x00000000c010af78,0x00000000c5580000)
 Metaspace       used 5909K, capacity 6896K, committed 7040K, reserved 1056768K
  class space    used 588K, capacity 616K, committed 640K, reserved 1048576K
}
Event: 1.803 GC heap before
{Heap before GC invocations=2 (full 0):
 PSYoungGen      total 38400K, used 38392K [0x00000000eab00000, 0x00000000ef600000, 0x0000000100000000)
  eden space 33280K, 100% used [0x00000000eab00000,0x00000000ecb80000,0x00000000ecb80000)
  from space 5120K, 99% used [0x00000000ecb80000,0x00000000ed07e0e8,0x00000000ed080000)
  to   space 5120K, 0% used [0x00000000ef100000,0x00000000ef100000,0x00000000ef600000)
 ParOldGen       total 87552K, used 1067K [0x00000000c0000000, 0x00000000c5580000, 0x00000000eab00000)
  object space 87552K, 1% used [0x00000000c0000000,0x00000000c010af78,0x00000000c5580000)
 Metaspace       used 6057K, capacity 7024K, committed 7296K, reserved 1056768K
  class space    used 590K, capacity 616K, committed 640K, reserved 1048576K
Event: 1.864 GC heap after
Heap after GC invocations=2 (full 0):
 PSYoungGen      total 71680K, used 5108K [0x00000000eab00000, 0x00000000ef600000, 0x0000000100000000)
  eden space 66560K, 0% used [0x00000000eab00000,0x00000000eab00000,0x00000000eec00000)
  from space 5120K, 99% used [0x00000000ef100000,0x00000000ef5fd150,0x00000000ef600000)
  to   space 5120K, 0% used [0x00000000eec00000,0x00000000eec00000,0x00000000ef100000)
 ParOldGen       total 87552K, used 6100K [0x00000000c0000000, 0x00000000c5580000, 0x00000000eab00000)
  object space 87552K, 6% used [0x00000000c0000000,0x00000000c05f53f8,0x00000000c5580000)
 Metaspace       used 6057K, capacity 7024K, committed 7296K, reserved 1056768K
  class space    used 590K, capacity 616K, committed 640K, reserved 1048576K
}
Event: 3.493 GC heap before
{Heap before GC invocations=3 (full 0):
 PSYoungGen      total 71680K, used 71668K [0x00000000eab00000, 0x00000000ef600000, 0x0000000100000000)
  eden space 66560K, 100% used [0x00000000eab00000,0x00000000eec00000,0x00000000eec00000)
  from space 5120K, 99% used [0x00000000ef100000,0x00000000ef5fd150,0x00000000ef600000)
  to   space 5120K, 0% used [0x00000000eec00000,0x00000000eec00000,0x00000000ef100000)
 ParOldGen       total 87552K, used 6100K [0x00000000c0000000, 0x00000000c5580000, 0x00000000eab00000)
  object space 87552K, 6% used [0x00000000c0000000,0x00000000c05f53f8,0x00000000c5580000)
 Metaspace       used 6266K, capacity 7128K, committed 7424K, reserved 1056768K
  class space    used 612K, capacity 656K, committed 768K, reserved 1048576K
Event: 3.517 GC heap after
Heap after GC invocations=3 (full 0):
 PSYoungGen      total 71680K, used 5098K [0x00000000eab00000, 0x00000000f3700000, 0x0000000100000000)
  eden space 66560K, 0% used [0x00000000eab00000,0x00000000eab00000,0x00000000eec00000)
  from space 5120K, 99% used [0x00000000eec00000,0x00000000ef0faa78,0x00000000ef100000)
  to   space 5120K, 0% used [0x00000000f3200000,0x00000000f3200000,0x00000000f3700000)
 ParOldGen       total 87552K, used 15274K [0x00000000c0000000, 0x00000000c5580000, 0x00000000eab00000)
  object space 87552K, 17% used [0x00000000c0000000,0x00000000c0eeabe8,0x00000000c5580000)
 Metaspace       used 6266K, capacity 7128K, committed 7424K, reserved 1056768K
  class space    used 612K, capacity 656K, committed 768K, reserved 1048576K
}

Deoptimization events (10 events):
Event: 3.225 Thread 0x00000000168a0800 Uncommon trap: reason=unstable_if action=reinterpret pc=0x0000000002e6c170 method=java.util.HashMap.putVal(ILjava/lang/Object;Ljava/lang/Object;ZZ)Ljava/lang/Object; @ 109
Event: 3.262 Thread 0x000000001689f000 Uncommon trap: reason=unstable_if action=reinterpret pc=0x0000000002e2550c method=java.util.HashMap.resize()[Ljava/util/HashMap$Node; @ 206
Event: 3.527 Thread 0x0000000002610800 Uncommon trap: reason=bimorphic action=maybe_recompile pc=0x0000000002e32068 method=com.android.dx.cf.code.BytecodeArray.parseInstruction(ILcom/android/dx/cf/code/BytecodeArray$Visitor;)I @ 2484
Event: 3.528 Thread 0x0000000002610800 Uncommon trap: reason=bimorphic action=maybe_recompile pc=0x0000000002e32068 method=com.android.dx.cf.code.BytecodeArray.parseInstruction(ILcom/android/dx/cf/code/BytecodeArray$Visitor;)I @ 2484
Event: 3.537 Thread 0x0000000016890000 Uncommon trap: reason=unstable_if action=reinterpret pc=0x0000000002eac75c method=java.util.HashMap.putVal(ILjava/lang/Object;Ljava/lang/Object;ZZ)Ljava/lang/Object; @ 109
Event: 3.541 Thread 0x0000000002610800 Uncommon trap: reason=unstable_if action=reinterpret pc=0x0000000002d9cc6c method=com.android.dx.ssa.LocalVariableExtractor.processBlock(I)V @ 251
Event: 3.559 Thread 0x0000000002610800 Uncommon trap: reason=bimorphic action=maybe_recompile pc=0x0000000002e32068 method=com.android.dx.cf.code.BytecodeArray.parseInstruction(ILcom/android/dx/cf/code/BytecodeArray$Visitor;)I @ 2484
Event: 3.559 Thread 0x0000000002610800 Uncommon trap: reason=bimorphic action=maybe_recompile pc=0x0000000002e32068 method=com.android.dx.cf.code.BytecodeArray.parseInstruction(ILcom/android/dx/cf/code/BytecodeArray$Visitor;)I @ 2484
Event: 3.627 Thread 0x00000000168a0800 Uncommon trap: reason=unstable_if action=reinterpret pc=0x0000000002eebc08 method=com.android.dx.rop.code.LocalVariableInfo.mergeStarts(ILcom/android/dx/rop/code/RegisterSpecSet;)Z @ 31
Event: 3.640 Thread 0x00000000168a0800 Uncommon trap: reason=unstable_if action=reinterpret pc=0x0000000002e9a9e4 method=java.util.HashMap.putVal(ILjava/lang/Object;Ljava/lang/Object;ZZ)Ljava/lang/Object; @ 109

Internal exceptions (7 events):
Event: 0.042 Thread 0x0000000002610800 Exception <a 'java/lang/NoSuchMethodError': Method sun.misc.Unsafe.defineClass(Ljava/lang/String;[BII)Ljava/lang/Class; name or signature does not match> (0x00000000eab0d150) thrown at [D:\re\workspace\8-2-build-windows-amd64-cygwin\jdk8u40\3098\hotspot\sr%ëû!—¥?
Event: 0.042 Thread 0x0000000002610800 Exception <a 'java/lang/NoSuchMethodError': Method sun.misc.Unsafe.prefetchRead(Ljava/lang/Object;J)V name or signature does not match> (0x00000000eab0d3e0) thrown at [D:\re\workspace\8-2-build-windows-amd64-cygwin\jdk8u40\3098\hotspot\src\share\vm\prims\jš†º
Event: 0.542 Thread 0x000000001689f000 Implicit null exception at 0x0000000002a48ba2 to 0x0000000002a48c95
Event: 1.648 Thread 0x000000001689f000 Implicit null exception at 0x0000000002a77d28 to 0x0000000002a7a2e5
Event: 2.161 Thread 0x0000000002610800 Exception <a 'java/lang/ArrayIndexOutOfBoundsException': 18> (0x00000000ebd3e680) thrown at [D:\re\workspace\8-2-build-windows-amd64-cygwin\jdk8u40\3098\hotspot\src\share\vm\interpreter\interpreterRuntime.cpp, line 366]
Event: 2.162 Thread 0x0000000002610800 Exception <a 'java/lang/ArrayIndexOutOfBoundsException'> (0x00000000ebd40150) thrown at [D:\re\workspace\8-2-build-windows-amd64-cygwin\jdk8u40\3098\hotspot\src\share\vm\runtime\sharedRuntime.cpp, line 605]
Event: 2.162 Thread 0x0000000002610800 Exception <a 'java/lang/ArrayIndexOutOfBoundsException'> (0x00000000ebd41388) thrown at [D:\re\workspace\8-2-build-windows-amd64-cygwin\jdk8u40\3098\hotspot\src\share\vm\runtime\sharedRuntime.cpp, line 605]

Events (10 events):
Event: 3.627 Thread 0x00000000168a0800 DEOPT UNPACKING pc=0x000000000275582a sp=0x000000001713ec50 mode 2
Event: 3.640 Thread 0x00000000168a0800 Uncommon trap: trap_request=0xffffff65 fr.pc=0x0000000002e9a9e4
Event: 3.640 Thread 0x00000000168a0800 DEOPT PACKING pc=0x0000000002e9a9e4 sp=0x000000001713ea40
Event: 3.640 Thread 0x00000000168a0800 DEOPT UNPACKING pc=0x000000000275582a sp=0x000000001713e740 mode 2
Event: 3.641 Thread 0x000000001689f000 DEOPT PACKING pc=0x0000000002ba3df9 sp=0x000000001703e590
Event: 3.641 Thread 0x000000001689f000 DEOPT UNPACKING pc=0x000000000275787f sp=0x000000001703e3d0 mode 0
Event: 3.660 loading class java/util/HashMap$KeySet
Event: 3.660 loading class java/util/HashMap$KeySet done
Event: 3.661 loading class java/util/HashMap$KeyIterator
Event: 3.661 loading class java/util/HashMap$KeyIterator done


Dynamic libraries:
0x00007ff76b0b0000 - 0x00007ff76b0e7000 	C:\Program Files\Java\jdk1.8.0_40\bin\java.exe
0x00007ff8d6070000 - 0x00007ff8d621a000 	C:\Windows\SYSTEM32\ntdll.dll
0x00007ff8d5610000 - 0x00007ff8d574a000 	C:\Windows\system32\KERNEL32.DLL
0x00007ff8d3500000 - 0x00007ff8d3610000 	C:\Windows\system32\KERNELBASE.dll
0x00007ff8d2000000 - 0x00007ff8d2088000 	C:\Windows\system32\apphelp.dll
0x00007ff8c31c0000 - 0x00007ff8c320f000 	C:\Windows\AppPatch\AppPatch64\AcGenral.DLL
0x00007ff8d53e0000 - 0x00007ff8d5487000 	C:\Windows\system32\msvcrt.dll
0x00007ff8d3290000 - 0x00007ff8d32bb000 	C:\Windows\SYSTEM32\SspiCli.dll
0x00007ff8d5380000 - 0x00007ff8d53d1000 	C:\Windows\system32\SHLWAPI.dll
0x00007ff8d5490000 - 0x00007ff8d5601000 	C:\Windows\system32\USER32.dll
0x00007ff8d5980000 - 0x00007ff8d5af8000 	C:\Windows\system32\ole32.dll
0x00007ff8d3d80000 - 0x00007ff8d5197000 	C:\Windows\system32\SHELL32.dll
0x00007ff8d29f0000 - 0x00007ff8d2a0f000 	C:\Windows\SYSTEM32\USERENV.dll
0x00007ff8d5200000 - 0x00007ff8d52a5000 	C:\Windows\system32\ADVAPI32.dll
0x00007ff8c27e0000 - 0x00007ff8c27fb000 	C:\Windows\SYSTEM32\MPR.dll
0x00007ff8d5d50000 - 0x00007ff8d5e86000 	C:\Windows\system32\RPCRT4.dll
0x00007ff8d38f0000 - 0x00007ff8d3947000 	C:\Windows\SYSTEM32\sechost.dll
0x00007ff8d5e90000 - 0x00007ff8d6066000 	C:\Windows\SYSTEM32\combase.dll
0x00007ff8d5b00000 - 0x00007ff8d5c45000 	C:\Windows\system32\GDI32.dll
0x00007ff8d33e0000 - 0x00007ff8d33f4000 	C:\Windows\SYSTEM32\profapi.dll
0x00007ff8d1a80000 - 0x00007ff8d1b1f000 	C:\Windows\SYSTEM32\SHCORE.dll
0x00007ff8d3b50000 - 0x00007ff8d3b84000 	C:\Windows\system32\IMM32.DLL
0x00007ff8d5840000 - 0x00007ff8d5979000 	C:\Windows\system32\MSCTF.dll
0x00007ff8d1230000 - 0x00007ff8d148a000 	C:\Windows\WinSxS\amd64_microsoft.windows.common-controls_6595b64144ccf1df_6.0.9600.17031_none_6242a4b3ecbb55a1\COMCTL32.dll
0x0000000066120000 - 0x00000000661f2000 	C:\Program Files\Java\jdk1.8.0_40\jre\bin\msvcr100.dll
0x0000000066870000 - 0x00000000670f3000 	C:\Program Files\Java\jdk1.8.0_40\jre\bin\server\jvm.dll
0x00007ff8cbbe0000 - 0x00007ff8cbbe9000 	C:\Windows\SYSTEM32\WSOCK32.dll
0x00007ff8d0e00000 - 0x00007ff8d0e1f000 	C:\Windows\SYSTEM32\WINMM.dll
0x00007ff8d0e20000 - 0x00007ff8d0e2a000 	C:\Windows\SYSTEM32\VERSION.dll
0x00007ff8d3b90000 - 0x00007ff8d3b97000 	C:\Windows\system32\PSAPI.DLL
0x00007ff8d5cf0000 - 0x00007ff8d5d48000 	C:\Windows\system32\WS2_32.dll
0x00007ff8d0d40000 - 0x00007ff8d0d6a000 	C:\Windows\SYSTEM32\WINMMBASE.dll
0x00007ff8d5830000 - 0x00007ff8d5839000 	C:\Windows\system32\NSI.dll
0x00007ff8d36c0000 - 0x00007ff8d370a000 	C:\Windows\SYSTEM32\cfgmgr32.dll
0x00007ff8d2270000 - 0x00007ff8d2296000 	C:\Windows\SYSTEM32\DEVOBJ.dll
0x0000000066860000 - 0x000000006686f000 	C:\Program Files\Java\jdk1.8.0_40\jre\bin\verify.dll
0x0000000066830000 - 0x0000000066859000 	C:\Program Files\Java\jdk1.8.0_40\jre\bin\java.dll
0x0000000066810000 - 0x0000000066826000 	C:\Program Files\Java\jdk1.8.0_40\jre\bin\zip.dll
0x00007ff8bd480000 - 0x00007ff8bd608000 	C:\Windows\SYSTEM32\dbghelp.dll

VM Arguments:
jvm_args: -Djava.awt.headless=true -Xmx1024M -Dfile.encoding=windows-1252 -Duser.country=US -Duser.language=en -Duser.variant 
java_command: com.android.dx.command.Main --dex --force-jumbo --num-threads=4 --multi-dex --output D:\AndroidStudioProjects\Newsim\app\build\intermediates\transforms\dex\debug\folders\1000\10\com.android.support-recyclerview-v7-23.3.0_3a1fd22e6783608be3e70a621d9a0b06abad0ac6 D:\AndroidStudioProjects\Newsim\app\build\intermediates\exploded-aar\com.android.support\recyclerview-v7\23.3.0\jars\classes.jar
java_class_path (initial): C:\Users\Chiki\AppData\Local\Android\sdk\build-tools\23.0.3\lib\dx.jar
Launcher Type: SUN_STANDARD

Environment Variables:
PATH=C:\ProgramData\Oracle\Java\javapath;C:\Program Files (x86)\NVIDIA Corporation\PhysX\Common;C:\Windows\system32;C:\Windows;C:\Windows\System32\Wbem;C:\Windows\System32\WindowsPowerShell\v1.0\
USERNAME=Chiki
OS=Windows_NT
PROCESSOR_IDENTIFIER=Intel64 Family 6 Model 94 Stepping 3, GenuineIntel



---------------  S Y S T E M  ---------------

OS: Windows 8.1 , 64 bit Build 9600 (6.3.9600.17031)

CPU:total 4 (4 cores per cpu, 1 threads per core) family 6 model 94 stepping 3, cmov, cx8, fxsr, mmx, sse, sse2, sse3, ssse3, sse4.1, sse4.2, popcnt, avx, avx2, aes, clmul, erms, rtm, 3dnowpref, lzcnt, tsc, tscinvbit, bmi1, bmi2, adx

Memory: 4k page, physical 8313504k(2800880k free), swap 8313504k(5112k free)

vm_info: Java HotSpot(TM) 64-Bit Server VM (25.40-b25) for windows-amd64 JRE (1.8.0_40-b26), built on Mar  7 2015 13:51:59 by "java_re" with MS VC++ 10.0 (VS2010)

time: Fri Jul 01 10:06:49 2016
elapsed time: 4 seconds (0d 0h 0m 4s)

