#
# There is insufficient memory for the Java Runtime Environment to continue.
# Native memory allocation (malloc) failed to allocate 506096 bytes for Chunk::new
# Possible reasons:
#   The system is out of physical RAM or swap space
#   In 32 bit mode, the process size limit was hit
# Possible solutions:
#   Reduce memory load on the system
#   Increase physical memory or swap space
#   Check if swap backing store is full
#   Use 64 bit Java on a 64 bit OS
#   Decrease Java heap size (-Xmx/-Xms)
#   Decrease number of Java threads
#   Decrease Java thread stack sizes (-Xss)
#   Set larger code cache with -XX:ReservedCodeCacheSize=
# This output file may be truncated or incomplete.
#
#  Out of Memory Error (allocation.cpp:390), pid=5036, tid=4552
#
# JRE version: Java(TM) SE Runtime Environment (8.0_40-b26) (build 1.8.0_40-b26)
# Java VM: Java HotSpot(TM) 64-Bit Server VM (25.40-b25 mixed mode windows-amd64 compressed oops)
# Failed to write core dump. Minidumps are not enabled by default on client versions of Windows
#

---------------  T H R E A D  ---------------

Current thread (0x0000000014ffa000):  JavaThread "C2 CompilerThread0" daemon [_thread_in_native, id=4552, stack(0x0000000016540000,0x0000000016640000)]

Stack: [0x0000000016540000,0x0000000016640000]
Native frames: (J=compiled Java code, j=interpreted, Vv=VM code, C=native code)
V  [jvm.dll+0x32b47a]


Current CompileTask:
C2:   7273 2036       4       com.android.dx.ssa.LocalVariableExtractor::processBlock (383 bytes)


---------------  P R O C E S S  ---------------

Java Threads: ( => current thread )
  0x0000000016ad3000 JavaThread "pool-2-thread-4" [_thread_blocked, id=3864, stack(0x0000000017240000,0x0000000017340000)]
  0x0000000016ad2000 JavaThread "pool-2-thread-3" [_thread_blocked, id=7132, stack(0x0000000017140000,0x0000000017240000)]
  0x0000000016ad1000 JavaThread "pool-2-thread-2" [_thread_blocked, id=6756, stack(0x0000000017040000,0x0000000017140000)]
  0x0000000016acc800 JavaThread "pool-3-thread-1" [_thread_blocked, id=3420, stack(0x0000000016f40000,0x0000000017040000)]
  0x0000000016ac8000 JavaThread "pool-2-thread-1" [_thread_blocked, id=6696, stack(0x0000000016e40000,0x0000000016f40000)]
  0x0000000016843800 JavaThread "Service Thread" daemon [_thread_blocked, id=4368, stack(0x0000000016c40000,0x0000000016d40000)]
  0x0000000015049800 JavaThread "C1 CompilerThread2" daemon [_thread_blocked, id=5004, stack(0x0000000016740000,0x0000000016840000)]
  0x0000000015048800 JavaThread "C2 CompilerThread1" daemon [_thread_in_native, id=2716, stack(0x0000000016640000,0x0000000016740000)]
=>0x0000000014ffa000 JavaThread "C2 CompilerThread0" daemon [_thread_in_native, id=4552, stack(0x0000000016540000,0x0000000016640000)]
  0x0000000014ff7800 JavaThread "Attach Listener" daemon [_thread_blocked, id=3852, stack(0x0000000016440000,0x0000000016540000)]
  0x0000000014ff6000 JavaThread "Signal Dispatcher" daemon [_thread_blocked, id=6528, stack(0x0000000016340000,0x0000000016440000)]
  0x0000000002876000 JavaThread "Finalizer" daemon [_thread_blocked, id=3140, stack(0x0000000016240000,0x0000000016340000)]
  0x000000000286d000 JavaThread "Reference Handler" daemon [_thread_blocked, id=2360, stack(0x0000000016140000,0x0000000016240000)]
  0x0000000002780800 JavaThread "main" [_thread_blocked, id=2784, stack(0x0000000002630000,0x0000000002730000)]

Other Threads:
  0x0000000014fb7800 VMThread [stack: 0x0000000016040000,0x0000000016140000] [id=2852]
  0x0000000016844800 WatcherThread [stack: 0x0000000016d40000,0x0000000016e40000] [id=3080]

VM state:not at safepoint (normal execution)

VM Mutex/Monitor currently owned by a thread:  ([mutex/lock_event])
[0x000000000291c5c0] Heap_lock - owner thread: 0x0000000002780800

Heap:
 PSYoungGen      total 71680K, used 5117K [0x00000000eab00000, 0x00000000ef600000, 0x0000000100000000)
  eden space 66560K, 0% used [0x00000000eab00000,0x00000000eab00000,0x00000000eec00000)
  from space 5120K, 99% used [0x00000000ef100000,0x00000000ef5ff558,0x00000000ef600000)
  to   space 5120K, 0% used [0x00000000eec00000,0x00000000eec00000,0x00000000ef100000)
 ParOldGen       total 87552K, used 24937K [0x00000000c0000000, 0x00000000c5580000, 0x00000000eab00000)
  object space 87552K, 28% used [0x00000000c0000000,0x00000000c185a7b8,0x00000000c5580000)
 Metaspace       used 6377K, capacity 7192K, committed 7424K, reserved 1056768K
  class space    used 615K, capacity 656K, committed 768K, reserved 1048576K

Card table byte_map: [0x0000000011ce0000,0x0000000011ef0000] byte_map_base: 0x00000000116e0000

Marking Bits: (ParMarkBitMap*) 0x0000000067074040
 Begin Bits: [0x0000000012450000, 0x0000000013450000)
 End Bits:   [0x0000000013450000, 0x0000000014450000)

Polling page: 0x0000000002730000

CodeCache: size=245760Kb used=9338Kb max_used=9355Kb free=236421Kb
 bounds [0x0000000002920000, 0x0000000003250000, 0x0000000011920000]
 total_blobs=2261 nmethods=1991 adapters=182
 compilation: enabled

Compilation events (10 events):
Event: 7.204 Thread 0x0000000015049800 2051       3       java.lang.ref.Reference::clear (6 bytes)
Event: 7.204 Thread 0x0000000015049800 nmethod 2051 0x000000000321bed0 code [0x000000000321c020, 0x000000000321c190]
Event: 7.204 Thread 0x0000000015049800 2052       3       java.util.zip.ZipFile$ZipFileInflaterInputStream::finalize (5 bytes)
Event: 7.204 Thread 0x0000000015049800 nmethod 2052 0x0000000003224350 code [0x00000000032244c0, 0x0000000003224648]
Event: 7.204 Thread 0x0000000015049800 2053       3       java.util.zip.ZipFile$ZipFileInputStream::finalize (5 bytes)
Event: 7.204 Thread 0x0000000015049800 nmethod 2053 0x0000000003223fd0 code [0x0000000003224140, 0x00000000032242c8]
Event: 7.205 Thread 0x0000000015049800 2054       3       java.util.Vector::grow (57 bytes)
Event: 7.205 Thread 0x0000000015049800 nmethod 2054 0x0000000003223710 code [0x00000000032238a0, 0x0000000003223dd8]
Event: 7.264 Thread 0x0000000014ffa000 nmethod 2033% 0x0000000003245f50 code [0x00000000032461a0, 0x0000000003247978]
Event: 7.264 Thread 0x0000000014ffa000 2036       4       com.android.dx.ssa.LocalVariableExtractor::processBlock (383 bytes)

GC Heap History (10 events):
Event: 3.386 GC heap before
{Heap before GC invocations=2 (full 0):
 PSYoungGen      total 38400K, used 38388K [0x00000000eab00000, 0x00000000ed580000, 0x0000000100000000)
  eden space 33280K, 100% used [0x00000000eab00000,0x00000000ecb80000,0x00000000ecb80000)
  from space 5120K, 99% used [0x00000000ecb80000,0x00000000ed07d048,0x00000000ed080000)
  to   space 5120K, 0% used [0x00000000ed080000,0x00000000ed080000,0x00000000ed580000)
 ParOldGen       total 87552K, used 866K [0x00000000c0000000, 0x00000000c5580000, 0x00000000eab00000)
  object space 87552K, 0% used [0x00000000c0000000,0x00000000c00d8928,0x00000000c5580000)
 Metaspace       used 6182K, capacity 7088K, committed 7296K, reserved 1056768K
  class space    used 593K, capacity 616K, committed 640K, reserved 1048576K
Event: 4.035 GC heap after
Heap after GC invocations=2 (full 0):
 PSYoungGen      total 38400K, used 5103K [0x00000000eab00000, 0x00000000ef600000, 0x0000000100000000)
  eden space 33280K, 0% used [0x00000000eab00000,0x00000000eab00000,0x00000000ecb80000)
  from space 5120K, 99% used [0x00000000ed080000,0x00000000ed57bd78,0x00000000ed580000)
  to   space 5120K, 0% used [0x00000000ecb80000,0x00000000ecb80000,0x00000000ed080000)
 ParOldGen       total 87552K, used 4711K [0x00000000c0000000, 0x00000000c5580000, 0x00000000eab00000)
  object space 87552K, 5% used [0x00000000c0000000,0x00000000c0499d70,0x00000000c5580000)
 Metaspace       used 6182K, capacity 7088K, committed 7296K, reserved 1056768K
  class space    used 593K, capacity 616K, committed 640K, reserved 1048576K
}
Event: 4.309 GC heap before
{Heap before GC invocations=3 (full 0):
 PSYoungGen      total 38400K, used 38383K [0x00000000eab00000, 0x00000000ef600000, 0x0000000100000000)
  eden space 33280K, 100% used [0x00000000eab00000,0x00000000ecb80000,0x00000000ecb80000)
  from space 5120K, 99% used [0x00000000ed080000,0x00000000ed57bd78,0x00000000ed580000)
  to   space 5120K, 0% used [0x00000000ecb80000,0x00000000ecb80000,0x00000000ed080000)
 ParOldGen       total 87552K, used 4711K [0x00000000c0000000, 0x00000000c5580000, 0x00000000eab00000)
  object space 87552K, 5% used [0x00000000c0000000,0x00000000c0499d70,0x00000000c5580000)
 Metaspace       used 6223K, capacity 7088K, committed 7296K, reserved 1056768K
  class space    used 593K, capacity 616K, committed 640K, reserved 1048576K
Event: 4.644 GC heap after
Heap after GC invocations=3 (full 0):
 PSYoungGen      total 38400K, used 5112K [0x00000000eab00000, 0x00000000ef600000, 0x0000000100000000)
  eden space 33280K, 0% used [0x00000000eab00000,0x00000000eab00000,0x00000000ecb80000)
  from space 5120K, 99% used [0x00000000ecb80000,0x00000000ed07e3e8,0x00000000ed080000)
  to   space 5120K, 0% used [0x00000000ef100000,0x00000000ef100000,0x00000000ef600000)
 ParOldGen       total 87552K, used 9490K [0x00000000c0000000, 0x00000000c5580000, 0x00000000eab00000)
  object space 87552K, 10% used [0x00000000c0000000,0x00000000c0944bb8,0x00000000c5580000)
 Metaspace       used 6223K, capacity 7088K, committed 7296K, reserved 1056768K
  class space    used 593K, capacity 616K, committed 640K, reserved 1048576K
}
Event: 4.840 GC heap before
{Heap before GC invocations=4 (full 0):
 PSYoungGen      total 38400K, used 38392K [0x00000000eab00000, 0x00000000ef600000, 0x0000000100000000)
  eden space 33280K, 100% used [0x00000000eab00000,0x00000000ecb80000,0x00000000ecb80000)
  from space 5120K, 99% used [0x00000000ecb80000,0x00000000ed07e3e8,0x00000000ed080000)
  to   space 5120K, 0% used [0x00000000ef100000,0x00000000ef100000,0x00000000ef600000)
 ParOldGen       total 87552K, used 9490K [0x00000000c0000000, 0x00000000c5580000, 0x00000000eab00000)
  object space 87552K, 10% used [0x00000000c0000000,0x00000000c0944bb8,0x00000000c5580000)
 Metaspace       used 6255K, capacity 7152K, committed 7296K, reserved 1056768K
  class space    used 594K, capacity 616K, committed 640K, reserved 1048576K
Event: 4.972 GC heap after
Heap after GC invocations=4 (full 0):
 PSYoungGen      total 71680K, used 5094K [0x00000000eab00000, 0x00000000ef600000, 0x0000000100000000)
  eden space 66560K, 0% used [0x00000000eab00000,0x00000000eab00000,0x00000000eec00000)
  from space 5120K, 99% used [0x00000000ef100000,0x00000000ef5f9bd0,0x00000000ef600000)
  to   space 5120K, 0% used [0x00000000eec00000,0x00000000eec00000,0x00000000ef100000)
 ParOldGen       total 87552K, used 14670K [0x00000000c0000000, 0x00000000c5580000, 0x00000000eab00000)
  object space 87552K, 16% used [0x00000000c0000000,0x00000000c0e53a10,0x00000000c5580000)
 Metaspace       used 6255K, capacity 7152K, committed 7296K, reserved 1056768K
  class space    used 594K, capacity 616K, committed 640K, reserved 1048576K
}
Event: 6.995 GC heap before
{Heap before GC invocations=5 (full 0):
 PSYoungGen      total 71680K, used 71654K [0x00000000eab00000, 0x00000000ef600000, 0x0000000100000000)
  eden space 66560K, 100% used [0x00000000eab00000,0x00000000eec00000,0x00000000eec00000)
  from space 5120K, 99% used [0x00000000ef100000,0x00000000ef5f9bd0,0x00000000ef600000)
  to   space 5120K, 0% used [0x00000000eec00000,0x00000000eec00000,0x00000000ef100000)
 ParOldGen       total 87552K, used 14673K [0x00000000c0000000, 0x00000000c5580000, 0x00000000eab00000)
  object space 87552K, 16% used [0x00000000c0000000,0x00000000c0e544f8,0x00000000c5580000)
 Metaspace       used 6376K, capacity 7192K, committed 7424K, reserved 1056768K
  class space    used 615K, capacity 656K, committed 768K, reserved 1048576K
Event: 7.189 GC heap after
Heap after GC invocations=5 (full 0):
 PSYoungGen      total 71680K, used 5099K [0x00000000eab00000, 0x00000000ef600000, 0x0000000100000000)
  eden space 66560K, 0% used [0x00000000eab00000,0x00000000eab00000,0x00000000eec00000)
  from space 5120K, 99% used [0x00000000eec00000,0x00000000ef0fac58,0x00000000ef100000)
  to   space 5120K, 0% used [0x00000000ef100000,0x00000000ef100000,0x00000000ef600000)
 ParOldGen       total 87552K, used 24481K [0x00000000c0000000, 0x00000000c5580000, 0x00000000eab00000)
  object space 87552K, 27% used [0x00000000c0000000,0x00000000c17e87b8,0x00000000c5580000)
 Metaspace       used 6376K, capacity 7192K, committed 7424K, reserved 1056768K
  class space    used 615K, capacity 656K, committed 768K, reserved 1048576K
}
Event: 7.206 GC heap before
{Heap before GC invocations=6 (full 0):
 PSYoungGen      total 71680K, used 10015K [0x00000000eab00000, 0x00000000ef600000, 0x0000000100000000)
  eden space 66560K, 7% used [0x00000000eab00000,0x00000000eafcd310,0x00000000eec00000)
  from space 5120K, 99% used [0x00000000eec00000,0x00000000ef0fac58,0x00000000ef100000)
  to   space 5120K, 0% used [0x00000000ef100000,0x00000000ef100000,0x00000000ef600000)
 ParOldGen       total 87552K, used 24481K [0x00000000c0000000, 0x00000000c5580000, 0x00000000eab00000)
  object space 87552K, 27% used [0x00000000c0000000,0x00000000c17e87b8,0x00000000c5580000)
 Metaspace       used 6377K, capacity 7192K, committed 7424K, reserved 1056768K
  class space    used 615K, capacity 656K, committed 768K, reserved 1048576K
Event: 7.263 GC heap after
Heap after GC invocations=6 (full 0):
 PSYoungGen      total 71680K, used 5117K [0x00000000eab00000, 0x00000000ef600000, 0x0000000100000000)
  eden space 66560K, 0% used [0x00000000eab00000,0x00000000eab00000,0x00000000eec00000)
  from space 5120K, 99% used [0x00000000ef100000,0x00000000ef5ff558,0x00000000ef600000)
  to   space 5120K, 0% used [0x00000000eec00000,0x00000000eec00000,0x00000000ef100000)
 ParOldGen       total 87552K, used 24937K [0x00000000c0000000, 0x00000000c5580000, 0x00000000eab00000)
  object space 87552K, 28% used [0x00000000c0000000,0x00000000c185a7b8,0x00000000c5580000)
 Metaspace       used 6377K, capacity 7192K, committed 7424K, reserved 1056768K
  class space    used 615K, capacity 656K, committed 768K, reserved 1048576K
}

Deoptimization events (10 events):
Event: 6.685 Thread 0x0000000016ac8000 Uncommon trap: reason=bimorphic action=maybe_recompile pc=0x000000000313e570 method=com.android.dx.ssa.LiteralOpUpgrader.tryReplacingWithConstant(Lcom/android/dx/ssa/NormalSsaInsn;)Z @ 62
Event: 6.719 Thread 0x0000000016ac8000 Uncommon trap: reason=class_check action=maybe_recompile pc=0x00000000031d9ca8 method=com.android.dx.ssa.SCCP.replaceConstants()V @ 182
Event: 6.723 Thread 0x0000000016ac8000 Uncommon trap: reason=class_check action=maybe_recompile pc=0x00000000031d9ca8 method=com.android.dx.ssa.SCCP.replaceConstants()V @ 182
Event: 6.749 Thread 0x0000000002780800 Uncommon trap: reason=bimorphic action=maybe_recompile pc=0x00000000030f3d50 method=com.android.dx.cf.code.BytecodeArray.parseInstruction(ILcom/android/dx/cf/code/BytecodeArray$Visitor;)I @ 1130
Event: 6.749 Thread 0x0000000002780800 Uncommon trap: reason=bimorphic action=maybe_recompile pc=0x00000000030f3d50 method=com.android.dx.cf.code.BytecodeArray.parseInstruction(ILcom/android/dx/cf/code/BytecodeArray$Visitor;)I @ 1130
Event: 6.749 Thread 0x0000000002780800 Uncommon trap: reason=bimorphic action=maybe_recompile pc=0x00000000030f38bc method=com.android.dx.cf.code.BytecodeArray.parseInstruction(ILcom/android/dx/cf/code/BytecodeArray$Visitor;)I @ 955
Event: 6.749 Thread 0x0000000002780800 Uncommon trap: reason=bimorphic action=maybe_recompile pc=0x00000000030f38bc method=com.android.dx.cf.code.BytecodeArray.parseInstruction(ILcom/android/dx/cf/code/BytecodeArray$Visitor;)I @ 955
Event: 6.758 Thread 0x0000000002780800 Uncommon trap: reason=bimorphic action=maybe_recompile pc=0x000000000313e570 method=com.android.dx.ssa.LiteralOpUpgrader.tryReplacingWithConstant(Lcom/android/dx/ssa/NormalSsaInsn;)Z @ 62
Event: 6.985 Thread 0x0000000016ad2000 Uncommon trap: reason=bimorphic action=maybe_recompile pc=0x00000000030db838 method=com.android.dx.rop.code.RegisterSpec.withSimpleType()Lcom/android/dx/rop/code/RegisterSpec; @ 21
Event: 7.205 Thread 0x0000000016ad2000 Uncommon trap: reason=unstable_if action=reinterpret pc=0x00000000030ecbf4 method=com.android.dx.rop.code.BasicBlockList.preferredSuccessorOf(Lcom/android/dx/rop/code/BasicBlock;)Lcom/android/dx/rop/code/BasicBlock; @ 58

Internal exceptions (5 events):
Event: 0.031 Thread 0x0000000002780800 Exception <a 'java/lang/NoSuchMethodError': Method sun.misc.Unsafe.defineClass(Ljava/lang/String;[BII)Ljava/lang/Class; name or signature does not match> (0x00000000eab0cd68) thrown at [D:\re\workspace\8-2-build-windows-amd64-cygwin\jdk8u40\3098\hotspot\sr|p´ÿ	éŸ?
Event: 0.031 Thread 0x0000000002780800 Exception <a 'java/lang/NoSuchMethodError': Method sun.misc.Unsafe.prefetchRead(Ljava/lang/Object;J)V name or signature does not match> (0x00000000eab0cff8) thrown at [D:\re\workspace\8-2-build-windows-amd64-cygwin\jdk8u40\3098\hotspot\src\share\vm\prims\j§žÇN@
Event: 6.577 Thread 0x0000000016ad2000 Exception <a 'java/lang/ArrayIndexOutOfBoundsException': 18> (0x00000000ece62278) thrown at [D:\re\workspace\8-2-build-windows-amd64-cygwin\jdk8u40\3098\hotspot\src\share\vm\interpreter\interpreterRuntime.cpp, line 366]
Event: 6.577 Thread 0x0000000016ad2000 Exception <a 'java/lang/ArrayIndexOutOfBoundsException'> (0x00000000ece63d48) thrown at [D:\re\workspace\8-2-build-windows-amd64-cygwin\jdk8u40\3098\hotspot\src\share\vm\runtime\sharedRuntime.cpp, line 605]
Event: 6.578 Thread 0x0000000016ad2000 Exception <a 'java/lang/ArrayIndexOutOfBoundsException'> (0x00000000ece64f80) thrown at [D:\re\workspace\8-2-build-windows-amd64-cygwin\jdk8u40\3098\hotspot\src\share\vm\runtime\sharedRuntime.cpp, line 605]

Events (10 events):
Event: 6.985 Thread 0x0000000016ad2000 DEOPT UNPACKING pc=0x000000000296582a sp=0x000000001723e7e0 mode 2
Event: 6.994 Executing VM operation: ParallelGCFailedAllocation
Event: 6.994 Executing VM operation: ParallelGCFailedAllocation done
Event: 6.995 Executing VM operation: ParallelGCFailedAllocation
Event: 7.190 Executing VM operation: ParallelGCFailedAllocation done
Event: 7.205 Thread 0x0000000016ad2000 Uncommon trap: trap_request=0xffffff65 fr.pc=0x00000000030ecbf4
Event: 7.205 Thread 0x0000000016ad2000 DEOPT PACKING pc=0x00000000030ecbf4 sp=0x000000001723ea40
Event: 7.205 Thread 0x0000000016ad2000 DEOPT UNPACKING pc=0x000000000296582a sp=0x000000001723e9c8 mode 2
Event: 7.206 Executing VM operation: ParallelGCSystemGC
Event: 7.263 Executing VM operation: ParallelGCSystemGC done


Dynamic libraries:
0x00007ff76b0b0000 - 0x00007ff76b0e7000 	C:\Program Files\Java\jdk1.8.0_40\bin\java.exe
0x00007ff8d6070000 - 0x00007ff8d621a000 	C:\Windows\SYSTEM32\ntdll.dll
0x00007ff8d5610000 - 0x00007ff8d574a000 	C:\Windows\system32\KERNEL32.DLL
0x00007ff8d3500000 - 0x00007ff8d3610000 	C:\Windows\system32\KERNELBASE.dll
0x00007ff8d2000000 - 0x00007ff8d2088000 	C:\Windows\system32\apphelp.dll
0x00007ff8c31c0000 - 0x00007ff8c320f000 	C:\Windows\AppPatch\AppPatch64\AcGenral.DLL
0x00007ff8d53e0000 - 0x00007ff8d5487000 	C:\Windows\system32\msvcrt.dll
0x00007ff8d3290000 - 0x00007ff8d32bb000 	C:\Windows\SYSTEM32\SspiCli.dll
0x00007ff8d5380000 - 0x00007ff8d53d1000 	C:\Windows\system32\SHLWAPI.dll
0x00007ff8d5490000 - 0x00007ff8d5601000 	C:\Windows\system32\USER32.dll
0x00007ff8d5980000 - 0x00007ff8d5af8000 	C:\Windows\system32\ole32.dll
0x00007ff8d3d80000 - 0x00007ff8d5197000 	C:\Windows\system32\SHELL32.dll
0x00007ff8d29f0000 - 0x00007ff8d2a0f000 	C:\Windows\SYSTEM32\USERENV.dll
0x00007ff8d5200000 - 0x00007ff8d52a5000 	C:\Windows\system32\ADVAPI32.dll
0x00007ff8c27e0000 - 0x00007ff8c27fb000 	C:\Windows\SYSTEM32\MPR.dll
0x00007ff8d5d50000 - 0x00007ff8d5e86000 	C:\Windows\system32\RPCRT4.dll
0x00007ff8d38f0000 - 0x00007ff8d3947000 	C:\Windows\SYSTEM32\sechost.dll
0x00007ff8d5e90000 - 0x00007ff8d6066000 	C:\Windows\SYSTEM32\combase.dll
0x00007ff8d5b00000 - 0x00007ff8d5c45000 	C:\Windows\system32\GDI32.dll
0x00007ff8d33e0000 - 0x00007ff8d33f4000 	C:\Windows\SYSTEM32\profapi.dll
0x00007ff8d1a80000 - 0x00007ff8d1b1f000 	C:\Windows\SYSTEM32\SHCORE.dll
0x00007ff8d3b50000 - 0x00007ff8d3b84000 	C:\Windows\system32\IMM32.DLL
0x00007ff8d5840000 - 0x00007ff8d5979000 	C:\Windows\system32\MSCTF.dll
0x00007ff8d1230000 - 0x00007ff8d148a000 	C:\Windows\WinSxS\amd64_microsoft.windows.common-controls_6595b64144ccf1df_6.0.9600.17031_none_6242a4b3ecbb55a1\COMCTL32.dll
0x0000000066120000 - 0x00000000661f2000 	C:\Program Files\Java\jdk1.8.0_40\jre\bin\msvcr100.dll
0x0000000066870000 - 0x00000000670f3000 	C:\Program Files\Java\jdk1.8.0_40\jre\bin\server\jvm.dll
0x00007ff8cbbe0000 - 0x00007ff8cbbe9000 	C:\Windows\SYSTEM32\WSOCK32.dll
0x00007ff8d0e00000 - 0x00007ff8d0e1f000 	C:\Windows\SYSTEM32\WINMM.dll
0x00007ff8d0e20000 - 0x00007ff8d0e2a000 	C:\Windows\SYSTEM32\VERSION.dll
0x00007ff8d3b90000 - 0x00007ff8d3b97000 	C:\Windows\system32\PSAPI.DLL
0x00007ff8d5cf0000 - 0x00007ff8d5d48000 	C:\Windows\system32\WS2_32.dll
0x00007ff8d0d40000 - 0x00007ff8d0d6a000 	C:\Windows\SYSTEM32\WINMMBASE.dll
0x00007ff8d5830000 - 0x00007ff8d5839000 	C:\Windows\system32\NSI.dll
0x00007ff8d36c0000 - 0x00007ff8d370a000 	C:\Windows\SYSTEM32\cfgmgr32.dll
0x00007ff8d2270000 - 0x00007ff8d2296000 	C:\Windows\SYSTEM32\DEVOBJ.dll
0x0000000066860000 - 0x000000006686f000 	C:\Program Files\Java\jdk1.8.0_40\jre\bin\verify.dll
0x0000000066830000 - 0x0000000066859000 	C:\Program Files\Java\jdk1.8.0_40\jre\bin\java.dll
0x0000000066810000 - 0x0000000066826000 	C:\Program Files\Java\jdk1.8.0_40\jre\bin\zip.dll
0x00007ff8bd480000 - 0x00007ff8bd608000 	C:\Windows\SYSTEM32\dbghelp.dll

VM Arguments:
jvm_args: -Djava.awt.headless=true -Xmx1024M -Dfile.encoding=windows-1252 -Duser.country=US -Duser.language=en -Duser.variant 
java_command: com.android.dx.command.Main --dex --force-jumbo --num-threads=4 --multi-dex --output D:\AndroidStudioProjects\Newsim\app\build\intermediates\transforms\dex\debug\folders\1000\10\com.android.support-appcompat-v7-23.3.0_6beec8f167cedb1f2eeb14da8571cbb3c540d82a D:\AndroidStudioProjects\Newsim\app\build\intermediates\exploded-aar\com.android.support\appcompat-v7\23.3.0\jars\classes.jar
java_class_path (initial): C:\Users\Chiki\AppData\Local\Android\sdk\build-tools\23.0.3\lib\dx.jar
Launcher Type: SUN_STANDARD

Environment Variables:
PATH=C:\ProgramData\Oracle\Java\javapath;C:\Program Files (x86)\NVIDIA Corporation\PhysX\Common;C:\Windows\system32;C:\Windows;C:\Windows\System32\Wbem;C:\Windows\System32\WindowsPowerShell\v1.0\
USERNAME=Chiki
OS=Windows_NT
PROCESSOR_IDENTIFIER=Intel64 Family 6 Model 94 Stepping 3, GenuineIntel



---------------  S Y S T E M  ---------------

OS: Windows 8.1 , 64 bit Build 9600 (6.3.9600.17031)

CPU:total 4 (4 cores per cpu, 1 threads per core) family 6 model 94 stepping 3, cmov, cx8, fxsr, mmx, sse, sse2, sse3, ssse3, sse4.1, sse4.2, popcnt, avx, avx2, aes, clmul, erms, rtm, 3dnowpref, lzcnt, tsc, tscinvbit, bmi1, bmi2, adx

Memory: 4k page, physical 8313504k(2710060k free), swap 8313504k(4848k free)

vm_info: Java HotSpot(TM) 64-Bit Server VM (25.40-b25) for windows-amd64 JRE (1.8.0_40-b26), built on Mar  7 2015 13:51:59 by "java_re" with MS VC++ 10.0 (VS2010)

time: Fri Jul 01 10:06:59 2016
elapsed time: 7 seconds (0d 0h 0m 7s)

